<?xml version="1.0" encoding="UTF-8"?>
<!-- Generated by org.testng.reporters.JUnitXMLReporter -->
<testsuite ignored="0" hostname="DESKTOP-6RF1UHU" failures="1" tests="7" name="TestRegister" time="0.126" errors="0" timestamp="2024-02-19T18:06:01 IST">
  <testcase classname="practice.Demo_Search" name="SearchWithValidProductName" time="0.023">
    <failure type="java.lang.AssertionError" message="expected [true] but found [false]">
      <![CDATA[java.lang.AssertionError: expected [true] but found [false]
at practice.Demo_Search.SearchWithValidProductName(Demo_Search.java:10)
at java.base/java.util.ArrayList.forEach(ArrayList.java:1511)
... Removed 31 stack frames]]>
    </failure>
  </testcase> <!-- SearchWithValidProductName -->
  <testcase classname="practice.Demo_Register" name="registerWithOnlyMandatoryFields" time="0.002"/>
  <testcase classname="practice.Demo_Register" name="registerWithAllfields" time="0.0">
    <skipped/>
  </testcase> <!-- registerWithAllfields -->
  <testcase classname="practice.Demo_Search" name="SearchWithBlankValue" time="0.002"/>
  <testcase classname="practice.Demo_Search" name="SearchWithInvalidProductName" time="0.0">
    <skipped/>
  </testcase> <!-- SearchWithInvalidProductName -->
  <testcase classname="practice.Demo_Register" name="registerWithOnlyBlankFields" time="0.002"/>
  <testcase classname="practice.Demo_Register" name="registerWithInvalidEmail" time="0.002"/>
</testsuite> <!-- TestRegister -->
